<?xml version="1.0" encoding="UTF-8"?><testsuite errors="0" failures="0" name="com.bestbuy.testsuit.TagsTestStore" skipped="0" tests="2" time="0.1" timestamp="2023-01-09T23:33:14.914Z[Europe/London]"><testcase classname="com.bestbuy.testsuit.TagsTestStore" name="Provide a 405 status code when incorrect HTTP method is used to access resource"/><testcase classname="com.bestbuy.testsuit.TagsTestStore" name="This test will provide an error code of 400 when user tries to access an invalid resource"/></testsuite>